Using pre-set license
Built from '2020.3/staging' branch; Version is '2020.3.21f1 (a38c86f6690f) revision 10718342'; Using compiler version '192528614'; Build Type 'Release'
OS: 'Windows 10 Pro; OS build 19042.1288; Version 2009; 64bit' Language: 'fr' Physical Memory: 32469 MB
BatchMode: 1, IsHumanControllingUs: 0, StartBugReporterOnCrash: 0, Is64bit: 1, IsPro: 0

COMMAND LINE ARGUMENTS:
C:\Program Files\Unity\Hub\Editor\2020.3.21f1\Editor\Unity.exe
-adb2
-batchMode
-noUpm
-name
AssetImportWorker0
-projectPath
C:/Users/louis/Projey_Fluctuation
-logFile
Logs/AssetImportWorker0.log
-srvPort
64849
Successfully changed project path to: C:/Users/louis/Projey_Fluctuation
C:/Users/louis/Projey_Fluctuation
Using Asset Import Pipeline V2.
Refreshing native plugins compatible for Editor in 39.85 ms, found 4 plugins.
Preloading 0 native plugins for Editor in 0.00 ms.
Initialize engine version: 2020.3.21f1 (a38c86f6690f)
[Subsystems] Discovering subsystems at path C:/Program Files/Unity/Hub/Editor/2020.3.21f1/Editor/Data/Resources/UnitySubsystems
[Subsystems] Discovering subsystems at path C:/Users/louis/Projey_Fluctuation/Assets
GfxDevice: creating device client; threaded=0
Direct3D:
    Version:  Direct3D 11.0 [level 11.1]
    Renderer: NVIDIA GeForce RTX 3060 Laptop GPU (ID=0x2520)
    Vendor:   
    VRAM:     6023 MB
    Driver:   30.0.14.7168
Initialize mono
Mono path[0] = 'C:/Program Files/Unity/Hub/Editor/2020.3.21f1/Editor/Data/Managed'
Mono path[1] = 'C:/Program Files/Unity/Hub/Editor/2020.3.21f1/Editor/Data/MonoBleedingEdge/lib/mono/unityjit'
Mono config path = 'C:/Program Files/Unity/Hub/Editor/2020.3.21f1/Editor/Data/MonoBleedingEdge/etc'
Using monoOptions --debugger-agent=transport=dt_socket,embedding=1,server=y,suspend=n,address=127.0.0.1:56400
Begin MonoManager ReloadAssembly
Registering precompiled unity dll's ...
Register platform support module: C:/Program Files/Unity/Hub/Editor/2020.3.21f1/Editor/Data/PlaybackEngines/WebGLSupport/UnityEditor.WebGL.Extensions.dll
Register platform support module: C:/Program Files/Unity/Hub/Editor/2020.3.21f1/Editor/Data/PlaybackEngines/WindowsStandaloneSupport/UnityEditor.WindowsStandalone.Extensions.dll
Registered in 0.183371 seconds.
Native extension for WindowsStandalone target not found
Native extension for WebGL target not found
Refreshing native plugins compatible for Editor in 35.89 ms, found 4 plugins.
Preloading 0 native plugins for Editor in 0.00 ms.
Mono: successfully reloaded assembly
- Completed reload, in  3.422 seconds
Domain Reload Profiling:
	ReloadAssembly (3423ms)
		BeginReloadAssembly (1887ms)
			ExecutionOrderSort (0ms)
			DisableScriptedObjects (0ms)
			BackupInstance (0ms)
			ReleaseScriptingObjects (0ms)
			CreateAndSetChildDomain (1ms)
		EndReloadAssembly (549ms)
			LoadAssemblies (1890ms)
			RebuildTransferFunctionScriptingTraits (0ms)
			SetupTypeCache (317ms)
			ReleaseScriptCaches (0ms)
			RebuildScriptCaches (23ms)
			SetupLoadedEditorAssemblies (131ms)
				LogAssemblyErrors (0ms)
				InitializePlatformSupportModulesInManaged (4ms)
				SetLoadedEditorAssemblies (0ms)
				RefreshPlugins (36ms)
				BeforeProcessingInitializeOnLoad (7ms)
				ProcessInitializeOnLoadAttributes (60ms)
				ProcessInitializeOnLoadMethodAttributes (25ms)
				AfterProcessingInitializeOnLoad (0ms)
				EditorAssembliesLoaded (0ms)
			ExecutionOrderSort2 (0ms)
			AwakeInstancesAfterBackupRestoration (0ms)
Platform modules already initialized, skipping
Registering precompiled user dll's ...
Registered in 0.970729 seconds.
Begin MonoManager ReloadAssembly
Native extension for WindowsStandalone target not found
Native extension for WebGL target not found
Refreshing native plugins compatible for Editor in 34.21 ms, found 4 plugins.
Preloading 0 native plugins for Editor in 0.00 ms.
Mono: successfully reloaded assembly
- Completed reload, in  3.204 seconds
Domain Reload Profiling:
	ReloadAssembly (3209ms)
		BeginReloadAssembly (100ms)
			ExecutionOrderSort (0ms)
			DisableScriptedObjects (3ms)
			BackupInstance (0ms)
			ReleaseScriptingObjects (0ms)
			CreateAndSetChildDomain (15ms)
		EndReloadAssembly (3063ms)
			LoadAssemblies (1675ms)
			RebuildTransferFunctionScriptingTraits (0ms)
			SetupTypeCache (813ms)
			ReleaseScriptCaches (1ms)
			RebuildScriptCaches (37ms)
			SetupLoadedEditorAssemblies (401ms)
				LogAssemblyErrors (0ms)
				InitializePlatformSupportModulesInManaged (4ms)
				SetLoadedEditorAssemblies (0ms)
				RefreshPlugins (34ms)
				BeforeProcessingInitializeOnLoad (49ms)
				ProcessInitializeOnLoadAttributes (294ms)
				ProcessInitializeOnLoadMethodAttributes (15ms)
				AfterProcessingInitializeOnLoad (4ms)
				EditorAssembliesLoaded (0ms)
			ExecutionOrderSort2 (0ms)
			AwakeInstancesAfterBackupRestoration (4ms)
Platform modules already initialized, skipping
========================================================================
Worker process is ready to serve import requests
Launched and connected shader compiler UnityShaderCompiler.exe after 0.08 seconds
Refreshing native plugins compatible for Editor in 0.54 ms, found 4 plugins.
Preloading 0 native plugins for Editor in 0.00 ms.
Unloading 2221 Unused Serialized files (Serialized files now loaded: 0)
System memory in use before: 99.2 MB.
System memory in use after: 99.4 MB.

Unloading 46 unused Assets to reduce memory usage. Loaded Objects now: 2728.
Total: 3.664600 ms (FindLiveObjects: 0.151400 ms CreateObjectMapping: 0.049200 ms MarkObjects: 3.343900 ms  DeleteObjects: 0.119300 ms)

AssetImportParameters requested are different than current active one (requested -> active):
  custom:framework-win-MediaFoundation: 216162199b28c13a410421893ffa2e32 -> 
  custom:video-decoder-ogg-theora: a1e56fd34408186e4bbccfd4996cb3dc -> 
  custom:container-muxer-webm: aa71ff27fc2769a1b78a27578f13a17b -> 
  custom:container-demuxer-webm: 4f35f7cbe854078d1ac9338744f61a02 -> 
  custom:container-demuxer-ogg: 62fdf1f143b41e24485cea50d1cbac27 -> 
  custom:video-encoder-webm-vp8: eb34c28f22e8b96e1ab97ce403110664 -> 
  custom:video-decoder-webm-vp8: 9c59270c3fd7afecdb556c50c9e8de78 -> 
  custom:audio-decoder-ogg-vorbis: bf7c407c2cedff20999df2af8eb42d56 -> 
  custom:audio-encoder-webm-vorbis: bf7c407c2cedff20999df2af8eb42d56 -> 
========================================================================
Received Import Request.
  path: Assets/sprites
  artifactKey: Guid(8b35691dededf574abfbf58f1751d365) Importer(815301076,1909f56bfc062723c751e8b465ee728b)
Start importing Assets/sprites using Guid(8b35691dededf574abfbf58f1751d365) Importer(815301076,1909f56bfc062723c751e8b465ee728b)  -> (artifact id: '25955fc19e7ef956c4e3dfa6e5a8bfbc') in 0.009477 seconds 
  Import took 0.012399 seconds .

========================================================================
Received Import Request.
  Time since last request: 0.000233 seconds.
  path: Assets/sprites/cartesJoueur
  artifactKey: Guid(edad991927e2a3742b5bd678bb08a646) Importer(815301076,1909f56bfc062723c751e8b465ee728b)
Start importing Assets/sprites/cartesJoueur using Guid(edad991927e2a3742b5bd678bb08a646) Importer(815301076,1909f56bfc062723c751e8b465ee728b)  -> (artifact id: '09b6912d3519a64b06242bfbedbaad15') in 0.007103 seconds 
  Import took 0.010703 seconds .

========================================================================
Received Import Request.
  Time since last request: 2.319355 seconds.
  path: Assets/sprites/jaugesBiomes
  artifactKey: Guid(6aff9aa1d7132244a92cb67b5d8c56bb) Importer(815301076,1909f56bfc062723c751e8b465ee728b)
Start importing Assets/sprites/jaugesBiomes using Guid(6aff9aa1d7132244a92cb67b5d8c56bb) Importer(815301076,1909f56bfc062723c751e8b465ee728b)  -> (artifact id: '23e619c9f6dc9eedbd1d20c08b9409e4') in 0.007059 seconds 
  Import took 0.011638 seconds .

========================================================================
Received Import Request.
  Time since last request: 48.207918 seconds.
  path: Assets/sprites/backgrouds
  artifactKey: Guid(c7061747c9c8c9f4184dac6d6aa534c4) Importer(815301076,1909f56bfc062723c751e8b465ee728b)
Start importing Assets/sprites/backgrouds using Guid(c7061747c9c8c9f4184dac6d6aa534c4) Importer(815301076,1909f56bfc062723c751e8b465ee728b)  -> (artifact id: 'c35372a11bb9fcda830f51864aba09e4') in 0.007149 seconds 
  Import took 0.010715 seconds .

========================================================================
Received Import Request.
  Time since last request: 154.544743 seconds.
  path: Assets/sprites/jaugesBiomes/Jauge_herbivore.png
  artifactKey: Guid(2b7392f3983a70342aa137c8940f0731) Importer(815301076,1909f56bfc062723c751e8b465ee728b)
Start importing Assets/sprites/jaugesBiomes/Jauge_herbivore.png using Guid(2b7392f3983a70342aa137c8940f0731) Importer(815301076,1909f56bfc062723c751e8b465ee728b)  -> (artifact id: 'b58b44d1bd38a4584abb8e1830d45447') in 0.096126 seconds 
  Import took 0.100295 seconds .

========================================================================
Received Import Request.
  Time since last request: 0.000224 seconds.
  path: Assets/sprites/jaugesBiomes/Jauge_viande.png
  artifactKey: Guid(27a4a313c0b7ca845a6bd1d69f9d0a03) Importer(815301076,1909f56bfc062723c751e8b465ee728b)
Start importing Assets/sprites/jaugesBiomes/Jauge_viande.png using Guid(27a4a313c0b7ca845a6bd1d69f9d0a03) Importer(815301076,1909f56bfc062723c751e8b465ee728b)  -> (artifact id: '50bfd6ebfaa57eb282a3203be570624a') in 0.021503 seconds 
  Import took 0.024460 seconds .

========================================================================
Received Import Request.
  Time since last request: 0.000197 seconds.
  path: Assets/sprites/jaugesBiomes/jauge_vegetal.png
  artifactKey: Guid(8799b3ccf6e15cd42a3aeb22ff653597) Importer(815301076,1909f56bfc062723c751e8b465ee728b)
Start importing Assets/sprites/jaugesBiomes/jauge_vegetal.png using Guid(8799b3ccf6e15cd42a3aeb22ff653597) Importer(815301076,1909f56bfc062723c751e8b465ee728b)  -> (artifact id: 'ce45e1971526eaffbdb76ed9bc197eac') in 0.026554 seconds 
  Import took 0.030388 seconds .

========================================================================
Received Import Request.
  Time since last request: 1109.262906 seconds.
  path: Assets/sprites/backgrouds/ui_event_fond.png
  artifactKey: Guid(7ba41acac54d3734b825c015337559c7) Importer(815301076,1909f56bfc062723c751e8b465ee728b)
Start importing Assets/sprites/backgrouds/ui_event_fond.png using Guid(7ba41acac54d3734b825c015337559c7) Importer(815301076,1909f56bfc062723c751e8b465ee728b)  -> (artifact id: 'd647454603441bc62b0384b19e586a5e') in 0.014761 seconds 
  Import took 0.019593 seconds .

========================================================================
Received Import Request.
  Time since last request: 308.424275 seconds.
  path: Assets/sprites/backgrouds/fluctuation_name.png
  artifactKey: Guid(c6f8c34bf6f68384db6234ff5d142213) Importer(815301076,1909f56bfc062723c751e8b465ee728b)
Start importing Assets/sprites/backgrouds/fluctuation_name.png using Guid(c6f8c34bf6f68384db6234ff5d142213) Importer(815301076,1909f56bfc062723c751e8b465ee728b)  -> (artifact id: '2cc1ccf453314cce4d8003343dd212c9') in 0.046926 seconds 
  Import took 0.051239 seconds .

========================================================================
Received Import Request.
  Time since last request: 104.572380 seconds.
  path: Assets/sprites/backgrouds/Illustration_sans_titre.png
  artifactKey: Guid(75356b1496838b2458d6a224982b8c95) Importer(815301076,1909f56bfc062723c751e8b465ee728b)
Start importing Assets/sprites/backgrouds/Illustration_sans_titre.png using Guid(75356b1496838b2458d6a224982b8c95) Importer(815301076,1909f56bfc062723c751e8b465ee728b)  -> (artifact id: 'f78fd1081fd39f2fff2f5a571a559c2b') in 0.022490 seconds 
  Import took 0.025931 seconds .

========================================================================
Received Prepare
Registering precompiled user dll's ...
Registered in 0.007532 seconds.
Begin MonoManager ReloadAssembly
Native extension for WindowsStandalone target not found
Native extension for WebGL target not found
Refreshing native plugins compatible for Editor in 0.55 ms, found 4 plugins.
Preloading 0 native plugins for Editor in 0.00 ms.
Mono: successfully reloaded assembly
- Completed reload, in  0.837 seconds
Domain Reload Profiling:
	ReloadAssembly (838ms)
		BeginReloadAssembly (105ms)
			ExecutionOrderSort (0ms)
			DisableScriptedObjects (5ms)
			BackupInstance (0ms)
			ReleaseScriptingObjects (0ms)
			CreateAndSetChildDomain (36ms)
		EndReloadAssembly (683ms)
			LoadAssemblies (75ms)
			RebuildTransferFunctionScriptingTraits (0ms)
			SetupTypeCache (265ms)
			ReleaseScriptCaches (1ms)
			RebuildScriptCaches (31ms)
			SetupLoadedEditorAssemblies (231ms)
				LogAssemblyErrors (0ms)
				InitializePlatformSupportModulesInManaged (5ms)
				SetLoadedEditorAssemblies (0ms)
				RefreshPlugins (1ms)
				BeforeProcessingInitializeOnLoad (46ms)
				ProcessInitializeOnLoadAttributes (166ms)
				ProcessInitializeOnLoadMethodAttributes (8ms)
				AfterProcessingInitializeOnLoad (4ms)
				EditorAssembliesLoaded (0ms)
			ExecutionOrderSort2 (0ms)
			AwakeInstancesAfterBackupRestoration (7ms)
Platform modules already initialized, skipping
Refreshing native plugins compatible for Editor in 0.56 ms, found 4 plugins.
Preloading 0 native plugins for Editor in 0.00 ms.
Unloading 2197 Unused Serialized files (Serialized files now loaded: 0)
System memory in use before: 100.4 MB.
System memory in use after: 100.6 MB.

Unloading 35 unused Assets to reduce memory usage. Loaded Objects now: 2742.
Total: 2.940100 ms (FindLiveObjects: 0.168900 ms CreateObjectMapping: 0.171600 ms MarkObjects: 2.574500 ms  DeleteObjects: 0.024500 ms)

AssetImportParameters requested are different than current active one (requested -> active):
  custom:framework-win-MediaFoundation: 216162199b28c13a410421893ffa2e32 -> 
  custom:video-decoder-ogg-theora: a1e56fd34408186e4bbccfd4996cb3dc -> 
  custom:container-muxer-webm: aa71ff27fc2769a1b78a27578f13a17b -> 
  custom:container-demuxer-webm: 4f35f7cbe854078d1ac9338744f61a02 -> 
  custom:container-demuxer-ogg: 62fdf1f143b41e24485cea50d1cbac27 -> 
  custom:video-encoder-webm-vp8: eb34c28f22e8b96e1ab97ce403110664 -> 
  custom:video-decoder-webm-vp8: 9c59270c3fd7afecdb556c50c9e8de78 -> 
  custom:audio-decoder-ogg-vorbis: bf7c407c2cedff20999df2af8eb42d56 -> 
  custom:audio-encoder-webm-vorbis: bf7c407c2cedff20999df2af8eb42d56 -> 
========================================================================
Received Prepare
Registering precompiled user dll's ...
Registered in 0.006843 seconds.
Begin MonoManager ReloadAssembly
Native extension for WindowsStandalone target not found
Native extension for WebGL target not found
Refreshing native plugins compatible for Editor in 0.56 ms, found 4 plugins.
Preloading 0 native plugins for Editor in 0.00 ms.
Mono: successfully reloaded assembly
- Completed reload, in  0.863 seconds
Domain Reload Profiling:
	ReloadAssembly (864ms)
		BeginReloadAssembly (99ms)
			ExecutionOrderSort (0ms)
			DisableScriptedObjects (4ms)
			BackupInstance (0ms)
			ReleaseScriptingObjects (0ms)
			CreateAndSetChildDomain (35ms)
		EndReloadAssembly (715ms)
			LoadAssemblies (75ms)
			RebuildTransferFunctionScriptingTraits (0ms)
			SetupTypeCache (289ms)
			ReleaseScriptCaches (1ms)
			RebuildScriptCaches (40ms)
			SetupLoadedEditorAssemblies (224ms)
				LogAssemblyErrors (0ms)
				InitializePlatformSupportModulesInManaged (4ms)
				SetLoadedEditorAssemblies (0ms)
				RefreshPlugins (1ms)
				BeforeProcessingInitializeOnLoad (42ms)
				ProcessInitializeOnLoadAttributes (165ms)
				ProcessInitializeOnLoadMethodAttributes (8ms)
				AfterProcessingInitializeOnLoad (4ms)
				EditorAssembliesLoaded (0ms)
			ExecutionOrderSort2 (0ms)
			AwakeInstancesAfterBackupRestoration (7ms)
Platform modules already initialized, skipping
Refreshing native plugins compatible for Editor in 0.79 ms, found 4 plugins.
Preloading 0 native plugins for Editor in 0.00 ms.
Unloading 2197 Unused Serialized files (Serialized files now loaded: 0)
System memory in use before: 100.4 MB.
System memory in use after: 100.6 MB.

Unloading 35 unused Assets to reduce memory usage. Loaded Objects now: 2744.
Total: 3.827700 ms (FindLiveObjects: 0.288400 ms CreateObjectMapping: 0.104400 ms MarkObjects: 3.414100 ms  DeleteObjects: 0.019700 ms)

AssetImportParameters requested are different than current active one (requested -> active):
  custom:framework-win-MediaFoundation: 216162199b28c13a410421893ffa2e32 -> 
  custom:video-decoder-ogg-theora: a1e56fd34408186e4bbccfd4996cb3dc -> 
  custom:container-muxer-webm: aa71ff27fc2769a1b78a27578f13a17b -> 
  custom:container-demuxer-webm: 4f35f7cbe854078d1ac9338744f61a02 -> 
  custom:container-demuxer-ogg: 62fdf1f143b41e24485cea50d1cbac27 -> 
  custom:video-encoder-webm-vp8: eb34c28f22e8b96e1ab97ce403110664 -> 
  custom:video-decoder-webm-vp8: 9c59270c3fd7afecdb556c50c9e8de78 -> 
  custom:audio-decoder-ogg-vorbis: bf7c407c2cedff20999df2af8eb42d56 -> 
  custom:audio-encoder-webm-vorbis: bf7c407c2cedff20999df2af8eb42d56 -> 
========================================================================
Received Prepare
Registering precompiled user dll's ...
Registered in 0.010059 seconds.
Begin MonoManager ReloadAssembly
Native extension for WindowsStandalone target not found
Native extension for WebGL target not found
Refreshing native plugins compatible for Editor in 0.52 ms, found 4 plugins.
Preloading 0 native plugins for Editor in 0.00 ms.
Mono: successfully reloaded assembly
- Completed reload, in  0.849 seconds
Domain Reload Profiling:
	ReloadAssembly (849ms)
		BeginReloadAssembly (108ms)
			ExecutionOrderSort (0ms)
			DisableScriptedObjects (5ms)
			BackupInstance (0ms)
			ReleaseScriptingObjects (0ms)
			CreateAndSetChildDomain (35ms)
		EndReloadAssembly (694ms)
			LoadAssemblies (73ms)
			RebuildTransferFunctionScriptingTraits (0ms)
			SetupTypeCache (263ms)
			ReleaseScriptCaches (2ms)
			RebuildScriptCaches (38ms)
			SetupLoadedEditorAssemblies (228ms)
				LogAssemblyErrors (0ms)
				InitializePlatformSupportModulesInManaged (5ms)
				SetLoadedEditorAssemblies (0ms)
				RefreshPlugins (1ms)
				BeforeProcessingInitializeOnLoad (42ms)
				ProcessInitializeOnLoadAttributes (168ms)
				ProcessInitializeOnLoadMethodAttributes (9ms)
				AfterProcessingInitializeOnLoad (4ms)
				EditorAssembliesLoaded (0ms)
			ExecutionOrderSort2 (0ms)
			AwakeInstancesAfterBackupRestoration (6ms)
Platform modules already initialized, skipping
Refreshing native plugins compatible for Editor in 0.84 ms, found 4 plugins.
Preloading 0 native plugins for Editor in 0.00 ms.
Unloading 2197 Unused Serialized files (Serialized files now loaded: 0)
System memory in use before: 100.5 MB.
System memory in use after: 100.7 MB.

Unloading 35 unused Assets to reduce memory usage. Loaded Objects now: 2746.
Total: 2.752500 ms (FindLiveObjects: 0.224200 ms CreateObjectMapping: 0.055300 ms MarkObjects: 2.453900 ms  DeleteObjects: 0.018100 ms)

AssetImportParameters requested are different than current active one (requested -> active):
  custom:framework-win-MediaFoundation: 216162199b28c13a410421893ffa2e32 -> 
  custom:video-decoder-ogg-theora: a1e56fd34408186e4bbccfd4996cb3dc -> 
  custom:container-muxer-webm: aa71ff27fc2769a1b78a27578f13a17b -> 
  custom:container-demuxer-webm: 4f35f7cbe854078d1ac9338744f61a02 -> 
  custom:container-demuxer-ogg: 62fdf1f143b41e24485cea50d1cbac27 -> 
  custom:video-encoder-webm-vp8: eb34c28f22e8b96e1ab97ce403110664 -> 
  custom:video-decoder-webm-vp8: 9c59270c3fd7afecdb556c50c9e8de78 -> 
  custom:audio-decoder-ogg-vorbis: bf7c407c2cedff20999df2af8eb42d56 -> 
  custom:audio-encoder-webm-vorbis: bf7c407c2cedff20999df2af8eb42d56 -> 
========================================================================
Received Import Request.
  Time since last request: 2488.083091 seconds.
  path: Assets/sprites/cartesJoueur/carte_Hydrochorie_test.png
  artifactKey: Guid(e1e765db59a41cc429d6249c156a4b61) Importer(815301076,1909f56bfc062723c751e8b465ee728b)
Start importing Assets/sprites/cartesJoueur/carte_Hydrochorie_test.png using Guid(e1e765db59a41cc429d6249c156a4b61) Importer(815301076,1909f56bfc062723c751e8b465ee728b)  -> (artifact id: '20a80c4fd4b6ca0c714afd68b12a769d') in 0.050595 seconds 
  Import took 0.054609 seconds .

========================================================================
Received Import Request.
  Time since last request: 13.643903 seconds.
  path: Assets/sprites/cartesJoueur/derriere_carte.png
  artifactKey: Guid(fad65d372bb0ee3489aeeee2ba5aec44) Importer(815301076,1909f56bfc062723c751e8b465ee728b)
Start importing Assets/sprites/cartesJoueur/derriere_carte.png using Guid(fad65d372bb0ee3489aeeee2ba5aec44) Importer(815301076,1909f56bfc062723c751e8b465ee728b)  -> (artifact id: '0debe11180a6def09846798c65cdab7f') in 0.014752 seconds 
  Import took 0.018659 seconds .

========================================================================
Received Import Request.
  Time since last request: 14.080697 seconds.
  path: Assets/sprites/cartesJoueur/carte_AmemochorieV2.png
  artifactKey: Guid(1dba0103d5478064eafebc89e3fe31fa) Importer(815301076,1909f56bfc062723c751e8b465ee728b)
Start importing Assets/sprites/cartesJoueur/carte_AmemochorieV2.png using Guid(1dba0103d5478064eafebc89e3fe31fa) Importer(815301076,1909f56bfc062723c751e8b465ee728b)  -> (artifact id: '677dad8aec15da2797b66b67b91040d2') in 0.014715 seconds 
  Import took 0.017877 seconds .

========================================================================
Received Import Request.
  Time since last request: 0.000159 seconds.
  path: Assets/sprites/cartesJoueur/carte_speciation_carnivoreV2.png
  artifactKey: Guid(15abd5bc53af86a45a0e0123983be523) Importer(815301076,1909f56bfc062723c751e8b465ee728b)
Start importing Assets/sprites/cartesJoueur/carte_speciation_carnivoreV2.png using Guid(15abd5bc53af86a45a0e0123983be523) Importer(815301076,1909f56bfc062723c751e8b465ee728b)  -> (artifact id: '0fefe51405fc0667a851958a429efeae') in 0.012858 seconds 
  Import took 0.016069 seconds .

========================================================================
Received Import Request.
  Time since last request: 0.000152 seconds.
  path: Assets/sprites/cartesJoueur/carte_DemographiqueV2.png
  artifactKey: Guid(bc7739c713b55d04d8f86f7b132f94d0) Importer(815301076,1909f56bfc062723c751e8b465ee728b)
Start importing Assets/sprites/cartesJoueur/carte_DemographiqueV2.png using Guid(bc7739c713b55d04d8f86f7b132f94d0) Importer(815301076,1909f56bfc062723c751e8b465ee728b)  -> (artifact id: '9c7ce36963d412a34b46a00eb98961ac') in 0.015114 seconds 
  Import took 0.017803 seconds .

========================================================================
Received Import Request.
  Time since last request: 0.000170 seconds.
  path: Assets/sprites/cartesJoueur/carte_speciation_herbivoreV2.png
  artifactKey: Guid(3c0bb8e2e7e33a34c932e4292cfdccdd) Importer(815301076,1909f56bfc062723c751e8b465ee728b)
Start importing Assets/sprites/cartesJoueur/carte_speciation_herbivoreV2.png using Guid(3c0bb8e2e7e33a34c932e4292cfdccdd) Importer(815301076,1909f56bfc062723c751e8b465ee728b)  -> (artifact id: 'd91209974329481bd45a710155981389') in 0.014207 seconds 
  Import took 0.017097 seconds .

========================================================================
Received Import Request.
  Time since last request: 0.000184 seconds.
  path: Assets/sprites/cartesJoueur/carte_HydrochorieV2.png
  artifactKey: Guid(c37191c50d1ebee43a4875e9c3516323) Importer(815301076,1909f56bfc062723c751e8b465ee728b)
Start importing Assets/sprites/cartesJoueur/carte_HydrochorieV2.png using Guid(c37191c50d1ebee43a4875e9c3516323) Importer(815301076,1909f56bfc062723c751e8b465ee728b)  -> (artifact id: '482e13b0811f02265480e8eaeaddf673') in 0.014525 seconds 
  Import took 0.017482 seconds .

========================================================================
Received Import Request.
  Time since last request: 0.000127 seconds.
  path: Assets/sprites/cartesJoueur/carte_naivete_InsulaireV2.png
  artifactKey: Guid(f0c9e94e59eed7b4ea487ed2f95a6d7e) Importer(815301076,1909f56bfc062723c751e8b465ee728b)
Start importing Assets/sprites/cartesJoueur/carte_naivete_InsulaireV2.png using Guid(f0c9e94e59eed7b4ea487ed2f95a6d7e) Importer(815301076,1909f56bfc062723c751e8b465ee728b)  -> (artifact id: '0fd9dcfc1cfba3665e63dc0639329137') in 0.012368 seconds 
  Import took 0.015357 seconds .

========================================================================
Received Import Request.
  Time since last request: 0.000141 seconds.
  path: Assets/sprites/cartesJoueur/carte_speciation_vegetalV2.png
  artifactKey: Guid(741b864b61546ca43ba27a83f04e2ea8) Importer(815301076,1909f56bfc062723c751e8b465ee728b)
Start importing Assets/sprites/cartesJoueur/carte_speciation_vegetalV2.png using Guid(741b864b61546ca43ba27a83f04e2ea8) Importer(815301076,1909f56bfc062723c751e8b465ee728b)  -> (artifact id: 'd0e17e3d161c6f2b2e9c102f8e417753') in 0.014248 seconds 
  Import took 0.017217 seconds .

========================================================================
Received Import Request.
  Time since last request: 0.000165 seconds.
  path: Assets/sprites/cartesJoueur/carte_Renouee_du_japonV2.png
  artifactKey: Guid(33a89c41a94b9dc4980a689f42beff32) Importer(815301076,1909f56bfc062723c751e8b465ee728b)
Start importing Assets/sprites/cartesJoueur/carte_Renouee_du_japonV2.png using Guid(33a89c41a94b9dc4980a689f42beff32) Importer(815301076,1909f56bfc062723c751e8b465ee728b)  -> (artifact id: '4502ccf8ca6e2d9e9d52dd0cfea58709') in 0.015871 seconds 
  Import took 0.020162 seconds .

========================================================================
Received Import Request.
  Time since last request: 958.360794 seconds.
  path: Assets/sprites/cartesJoueur/carte_AmemochorieV2.png
  artifactKey: Guid(17ea6064375045d42b0bc464833367fa) Importer(815301076,1909f56bfc062723c751e8b465ee728b)
Start importing Assets/sprites/cartesJoueur/carte_AmemochorieV2.png using Guid(17ea6064375045d42b0bc464833367fa) Importer(815301076,1909f56bfc062723c751e8b465ee728b)  -> (artifact id: '38cc4e8e89312d983bad2e10a7b48fad') in 0.021536 seconds 
  Import took 0.026005 seconds .

========================================================================
Received Import Request.
  Time since last request: 0.000262 seconds.
  path: Assets/sprites/cartesJoueur/carte_Renouee_du_japonV2.png
  artifactKey: Guid(198c567334e071849958d2d328905c6b) Importer(815301076,1909f56bfc062723c751e8b465ee728b)
Start importing Assets/sprites/cartesJoueur/carte_Renouee_du_japonV2.png using Guid(198c567334e071849958d2d328905c6b) Importer(815301076,1909f56bfc062723c751e8b465ee728b)  -> (artifact id: 'ce2fa41eb84f31e9c58cdab006a209b4') in 0.019284 seconds 
  Import took 0.023209 seconds .

========================================================================
Received Import Request.
  Time since last request: 0.000187 seconds.
  path: Assets/sprites/cartesJoueur/carte_speciation_carnivoreV2.png
  artifactKey: Guid(da3e0e7c2dbe5c544ac99932780618d1) Importer(815301076,1909f56bfc062723c751e8b465ee728b)
Start importing Assets/sprites/cartesJoueur/carte_speciation_carnivoreV2.png using Guid(da3e0e7c2dbe5c544ac99932780618d1) Importer(815301076,1909f56bfc062723c751e8b465ee728b)  -> (artifact id: '0bd53fbed30219c8c0b06db12030247a') in 0.018959 seconds 
  Import took 0.022183 seconds .

========================================================================
Received Import Request.
  Time since last request: 0.000178 seconds.
  path: Assets/sprites/cartesJoueur/carte_speciation_herbivoreV2.png
  artifactKey: Guid(3b728d0de10dba24987f88b4c9826006) Importer(815301076,1909f56bfc062723c751e8b465ee728b)
Start importing Assets/sprites/cartesJoueur/carte_speciation_herbivoreV2.png using Guid(3b728d0de10dba24987f88b4c9826006) Importer(815301076,1909f56bfc062723c751e8b465ee728b)  -> (artifact id: 'c671ad39331212e3718e94f875effdbb') in 0.021029 seconds 
  Import took 0.024916 seconds .

========================================================================
Received Import Request.
  Time since last request: 0.000173 seconds.
  path: Assets/sprites/cartesJoueur/carte_speciation_vegetalV2.png
  artifactKey: Guid(7a9b5bb3a048d3844b745e502198a588) Importer(815301076,1909f56bfc062723c751e8b465ee728b)
Start importing Assets/sprites/cartesJoueur/carte_speciation_vegetalV2.png using Guid(7a9b5bb3a048d3844b745e502198a588) Importer(815301076,1909f56bfc062723c751e8b465ee728b)  -> (artifact id: 'df13e9e395f380c0ad61ac9eb5407dd4') in 0.020660 seconds 
  Import took 0.024362 seconds .

========================================================================
Received Import Request.
  Time since last request: 0.000411 seconds.
  path: Assets/sprites/cartesJoueur/carte_DemographiqueV2.png
  artifactKey: Guid(eaaae0c88cbbbc444b824c79b301484c) Importer(815301076,1909f56bfc062723c751e8b465ee728b)
Start importing Assets/sprites/cartesJoueur/carte_DemographiqueV2.png using Guid(eaaae0c88cbbbc444b824c79b301484c) Importer(815301076,1909f56bfc062723c751e8b465ee728b)  -> (artifact id: '16a2db5d73df4a75c06034dcc4c60a19') in 0.017330 seconds 
  Import took 0.020981 seconds .

========================================================================
Received Import Request.
  Time since last request: 0.000239 seconds.
  path: Assets/sprites/cartesJoueur/carte_HydrochorieV2.png
  artifactKey: Guid(4e5b33d5eb1600843a542394dd3c1219) Importer(815301076,1909f56bfc062723c751e8b465ee728b)
Start importing Assets/sprites/cartesJoueur/carte_HydrochorieV2.png using Guid(4e5b33d5eb1600843a542394dd3c1219) Importer(815301076,1909f56bfc062723c751e8b465ee728b)  -> (artifact id: 'd0511638377c309137528ede1d82e974') in 0.019765 seconds 
  Import took 0.024504 seconds .

========================================================================
Received Import Request.
  Time since last request: 0.000307 seconds.
  path: Assets/sprites/cartesJoueur/carte_naivete_InsulaireV2.png
  artifactKey: Guid(e0ee4858e8a102a4a9db6733f4b76f18) Importer(815301076,1909f56bfc062723c751e8b465ee728b)
Start importing Assets/sprites/cartesJoueur/carte_naivete_InsulaireV2.png using Guid(e0ee4858e8a102a4a9db6733f4b76f18) Importer(815301076,1909f56bfc062723c751e8b465ee728b)  -> (artifact id: '4a937dd1f24c69f3533ec98a9532e2cf') in 0.016542 seconds 
  Import took 0.020291 seconds .

========================================================================
Received Import Request.
  Time since last request: 488.755780 seconds.
  path: Assets/sprites/backgrouds/souvlakiii_de_qualite.png
  artifactKey: Guid(e834b3d7ba23166468c3e6661b4df762) Importer(815301076,1909f56bfc062723c751e8b465ee728b)
Start importing Assets/sprites/backgrouds/souvlakiii_de_qualite.png using Guid(e834b3d7ba23166468c3e6661b4df762) Importer(815301076,1909f56bfc062723c751e8b465ee728b)  -> (artifact id: '9f6aed780223598d7e1f2c4609cbda86') in 0.017079 seconds 
  Import took 0.021761 seconds .

========================================================================
Received Prepare
Registering precompiled user dll's ...
Registered in 0.006520 seconds.
Begin MonoManager ReloadAssembly
Native extension for WindowsStandalone target not found
Native extension for WebGL target not found
Refreshing native plugins compatible for Editor in 0.56 ms, found 4 plugins.
Preloading 0 native plugins for Editor in 0.00 ms.
Mono: successfully reloaded assembly
- Completed reload, in  0.877 seconds
Domain Reload Profiling:
	ReloadAssembly (878ms)
		BeginReloadAssembly (100ms)
			ExecutionOrderSort (0ms)
			DisableScriptedObjects (5ms)
			BackupInstance (0ms)
			ReleaseScriptingObjects (0ms)
			CreateAndSetChildDomain (38ms)
		EndReloadAssembly (729ms)
			LoadAssemblies (77ms)
			RebuildTransferFunctionScriptingTraits (0ms)
			SetupTypeCache (282ms)
			ReleaseScriptCaches (1ms)
			RebuildScriptCaches (35ms)
			SetupLoadedEditorAssemblies (248ms)
				LogAssemblyErrors (0ms)
				InitializePlatformSupportModulesInManaged (5ms)
				SetLoadedEditorAssemblies (0ms)
				RefreshPlugins (1ms)
				BeforeProcessingInitializeOnLoad (47ms)
				ProcessInitializeOnLoadAttributes (181ms)
				ProcessInitializeOnLoadMethodAttributes (8ms)
				AfterProcessingInitializeOnLoad (6ms)
				EditorAssembliesLoaded (0ms)
			ExecutionOrderSort2 (0ms)
			AwakeInstancesAfterBackupRestoration (7ms)
Platform modules already initialized, skipping
Refreshing native plugins compatible for Editor in 0.60 ms, found 4 plugins.
Preloading 0 native plugins for Editor in 0.00 ms.
Unloading 2197 Unused Serialized files (Serialized files now loaded: 0)
System memory in use before: 100.6 MB.
System memory in use after: 100.8 MB.

Unloading 35 unused Assets to reduce memory usage. Loaded Objects now: 2751.
Total: 2.705500 ms (FindLiveObjects: 0.189700 ms CreateObjectMapping: 0.055300 ms MarkObjects: 2.433700 ms  DeleteObjects: 0.025600 ms)

AssetImportParameters requested are different than current active one (requested -> active):
  custom:framework-win-MediaFoundation: 216162199b28c13a410421893ffa2e32 -> 
  custom:video-decoder-ogg-theora: a1e56fd34408186e4bbccfd4996cb3dc -> 
  custom:container-muxer-webm: aa71ff27fc2769a1b78a27578f13a17b -> 
  custom:container-demuxer-webm: 4f35f7cbe854078d1ac9338744f61a02 -> 
  custom:container-demuxer-ogg: 62fdf1f143b41e24485cea50d1cbac27 -> 
  custom:video-encoder-webm-vp8: eb34c28f22e8b96e1ab97ce403110664 -> 
  custom:video-decoder-webm-vp8: 9c59270c3fd7afecdb556c50c9e8de78 -> 
  custom:audio-decoder-ogg-vorbis: bf7c407c2cedff20999df2af8eb42d56 -> 
  custom:audio-encoder-webm-vorbis: bf7c407c2cedff20999df2af8eb42d56 -> 
========================================================================
Received Prepare
Registering precompiled user dll's ...
Registered in 0.006991 seconds.
Begin MonoManager ReloadAssembly
Native extension for WindowsStandalone target not found
Native extension for WebGL target not found
Refreshing native plugins compatible for Editor in 0.67 ms, found 4 plugins.
Preloading 0 native plugins for Editor in 0.00 ms.
Mono: successfully reloaded assembly
- Completed reload, in  0.866 seconds
Domain Reload Profiling:
	ReloadAssembly (866ms)
		BeginReloadAssembly (100ms)
			ExecutionOrderSort (0ms)
			DisableScriptedObjects (5ms)
			BackupInstance (0ms)
			ReleaseScriptingObjects (0ms)
			CreateAndSetChildDomain (36ms)
		EndReloadAssembly (717ms)
			LoadAssemblies (74ms)
			RebuildTransferFunctionScriptingTraits (0ms)
			SetupTypeCache (263ms)
			ReleaseScriptCaches (1ms)
			RebuildScriptCaches (38ms)
			SetupLoadedEditorAssemblies (251ms)
				LogAssemblyErrors (0ms)
				InitializePlatformSupportModulesInManaged (4ms)
				SetLoadedEditorAssemblies (0ms)
				RefreshPlugins (1ms)
				BeforeProcessingInitializeOnLoad (48ms)
				ProcessInitializeOnLoadAttributes (185ms)
				ProcessInitializeOnLoadMethodAttributes (8ms)
				AfterProcessingInitializeOnLoad (4ms)
				EditorAssembliesLoaded (0ms)
			ExecutionOrderSort2 (0ms)
			AwakeInstancesAfterBackupRestoration (7ms)
Platform modules already initialized, skipping
Refreshing native plugins compatible for Editor in 0.60 ms, found 4 plugins.
Preloading 0 native plugins for Editor in 0.00 ms.
Unloading 2197 Unused Serialized files (Serialized files now loaded: 0)
System memory in use before: 100.5 MB.
System memory in use after: 100.7 MB.

Unloading 35 unused Assets to reduce memory usage. Loaded Objects now: 2753.
Total: 2.752300 ms (FindLiveObjects: 0.286700 ms CreateObjectMapping: 0.076200 ms MarkObjects: 2.366700 ms  DeleteObjects: 0.021200 ms)

AssetImportParameters requested are different than current active one (requested -> active):
  custom:framework-win-MediaFoundation: 216162199b28c13a410421893ffa2e32 -> 
  custom:video-decoder-ogg-theora: a1e56fd34408186e4bbccfd4996cb3dc -> 
  custom:container-muxer-webm: aa71ff27fc2769a1b78a27578f13a17b -> 
  custom:container-demuxer-webm: 4f35f7cbe854078d1ac9338744f61a02 -> 
  custom:container-demuxer-ogg: 62fdf1f143b41e24485cea50d1cbac27 -> 
  custom:video-encoder-webm-vp8: eb34c28f22e8b96e1ab97ce403110664 -> 
  custom:video-decoder-webm-vp8: 9c59270c3fd7afecdb556c50c9e8de78 -> 
  custom:audio-decoder-ogg-vorbis: bf7c407c2cedff20999df2af8eb42d56 -> 
  custom:audio-encoder-webm-vorbis: bf7c407c2cedff20999df2af8eb42d56 -> 
========================================================================
Received Import Request.
  Time since last request: 189.038715 seconds.
  path: Assets/sprites/backgrouds/souvlakiii_de_qualite 1.png
  artifactKey: Guid(786b4d164a8b6344a9e005c37bd0cfd6) Importer(815301076,1909f56bfc062723c751e8b465ee728b)
Start importing Assets/sprites/backgrouds/souvlakiii_de_qualite 1.png using Guid(786b4d164a8b6344a9e005c37bd0cfd6) Importer(815301076,1909f56bfc062723c751e8b465ee728b)  -> (artifact id: 'be4055acbe8590f330b3984117b752e6') in 0.051923 seconds 
  Import took 0.055408 seconds .

========================================================================
Received Import Request.
  Time since last request: 7.632200 seconds.
  path: Assets/sprites/backgrouds/menu_demarer.png
  artifactKey: Guid(abbabf3c6b06422468ac87cf5015ec81) Importer(815301076,1909f56bfc062723c751e8b465ee728b)
Start importing Assets/sprites/backgrouds/menu_demarer.png using Guid(abbabf3c6b06422468ac87cf5015ec81) Importer(815301076,1909f56bfc062723c751e8b465ee728b)  -> (artifact id: '77ed3e28a533dce5b793dc92ccce505f') in 0.021218 seconds 
  Import took 0.025305 seconds .

========================================================================
Received Prepare
Registering precompiled user dll's ...
Registered in 0.006847 seconds.
Begin MonoManager ReloadAssembly
Native extension for WindowsStandalone target not found
Native extension for WebGL target not found
Refreshing native plugins compatible for Editor in 0.63 ms, found 4 plugins.
Preloading 0 native plugins for Editor in 0.00 ms.
Mono: successfully reloaded assembly
- Completed reload, in  0.848 seconds
Domain Reload Profiling:
	ReloadAssembly (849ms)
		BeginReloadAssembly (88ms)
			ExecutionOrderSort (0ms)
			DisableScriptedObjects (4ms)
			BackupInstance (0ms)
			ReleaseScriptingObjects (0ms)
			CreateAndSetChildDomain (34ms)
		EndReloadAssembly (714ms)
			LoadAssemblies (74ms)
			RebuildTransferFunctionScriptingTraits (0ms)
			SetupTypeCache (287ms)
			ReleaseScriptCaches (1ms)
			RebuildScriptCaches (33ms)
			SetupLoadedEditorAssemblies (236ms)
				LogAssemblyErrors (0ms)
				InitializePlatformSupportModulesInManaged (5ms)
				SetLoadedEditorAssemblies (0ms)
				RefreshPlugins (1ms)
				BeforeProcessingInitializeOnLoad (48ms)
				ProcessInitializeOnLoadAttributes (168ms)
				ProcessInitializeOnLoadMethodAttributes (9ms)
				AfterProcessingInitializeOnLoad (5ms)
				EditorAssembliesLoaded (0ms)
			ExecutionOrderSort2 (0ms)
			AwakeInstancesAfterBackupRestoration (7ms)
Platform modules already initialized, skipping
Refreshing native plugins compatible for Editor in 0.57 ms, found 4 plugins.
Preloading 0 native plugins for Editor in 0.00 ms.
Unloading 2197 Unused Serialized files (Serialized files now loaded: 0)
System memory in use before: 100.6 MB.
System memory in use after: 100.8 MB.

Unloading 35 unused Assets to reduce memory usage. Loaded Objects now: 2756.
Total: 2.524100 ms (FindLiveObjects: 0.156400 ms CreateObjectMapping: 0.067200 ms MarkObjects: 2.281700 ms  DeleteObjects: 0.017900 ms)

AssetImportParameters requested are different than current active one (requested -> active):
  custom:framework-win-MediaFoundation: 216162199b28c13a410421893ffa2e32 -> 
  custom:video-decoder-ogg-theora: a1e56fd34408186e4bbccfd4996cb3dc -> 
  custom:container-muxer-webm: aa71ff27fc2769a1b78a27578f13a17b -> 
  custom:container-demuxer-webm: 4f35f7cbe854078d1ac9338744f61a02 -> 
  custom:container-demuxer-ogg: 62fdf1f143b41e24485cea50d1cbac27 -> 
  custom:video-encoder-webm-vp8: eb34c28f22e8b96e1ab97ce403110664 -> 
  custom:video-decoder-webm-vp8: 9c59270c3fd7afecdb556c50c9e8de78 -> 
  custom:audio-decoder-ogg-vorbis: bf7c407c2cedff20999df2af8eb42d56 -> 
  custom:audio-encoder-webm-vorbis: bf7c407c2cedff20999df2af8eb42d56 -> 
========================================================================
Received Prepare
Registering precompiled user dll's ...
Registered in 0.009348 seconds.
Begin MonoManager ReloadAssembly
Native extension for WindowsStandalone target not found
Native extension for WebGL target not found
Refreshing native plugins compatible for Editor in 0.57 ms, found 4 plugins.
Preloading 0 native plugins for Editor in 0.00 ms.
Mono: successfully reloaded assembly
- Completed reload, in  0.928 seconds
Domain Reload Profiling:
	ReloadAssembly (929ms)
		BeginReloadAssembly (116ms)
			ExecutionOrderSort (0ms)
			DisableScriptedObjects (5ms)
			BackupInstance (0ms)
			ReleaseScriptingObjects (0ms)
			CreateAndSetChildDomain (43ms)
		EndReloadAssembly (764ms)
			LoadAssemblies (78ms)
			RebuildTransferFunctionScriptingTraits (0ms)
			SetupTypeCache (318ms)
			ReleaseScriptCaches (1ms)
			RebuildScriptCaches (36ms)
			SetupLoadedEditorAssemblies (250ms)
				LogAssemblyErrors (0ms)
				InitializePlatformSupportModulesInManaged (5ms)
				SetLoadedEditorAssemblies (0ms)
				RefreshPlugins (1ms)
				BeforeProcessingInitializeOnLoad (48ms)
				ProcessInitializeOnLoadAttributes (183ms)
				ProcessInitializeOnLoadMethodAttributes (9ms)
				AfterProcessingInitializeOnLoad (4ms)
				EditorAssembliesLoaded (0ms)
			ExecutionOrderSort2 (0ms)
			AwakeInstancesAfterBackupRestoration (7ms)
Platform modules already initialized, skipping
Refreshing native plugins compatible for Editor in 0.86 ms, found 4 plugins.
Preloading 0 native plugins for Editor in 0.00 ms.
Unloading 2197 Unused Serialized files (Serialized files now loaded: 0)
System memory in use before: 100.6 MB.
System memory in use after: 100.8 MB.

Unloading 35 unused Assets to reduce memory usage. Loaded Objects now: 2758.
Total: 2.761000 ms (FindLiveObjects: 0.170400 ms CreateObjectMapping: 0.057900 ms MarkObjects: 2.510300 ms  DeleteObjects: 0.021100 ms)

AssetImportParameters requested are different than current active one (requested -> active):
  custom:framework-win-MediaFoundation: 216162199b28c13a410421893ffa2e32 -> 
  custom:video-decoder-ogg-theora: a1e56fd34408186e4bbccfd4996cb3dc -> 
  custom:container-muxer-webm: aa71ff27fc2769a1b78a27578f13a17b -> 
  custom:container-demuxer-webm: 4f35f7cbe854078d1ac9338744f61a02 -> 
  custom:container-demuxer-ogg: 62fdf1f143b41e24485cea50d1cbac27 -> 
  custom:video-encoder-webm-vp8: eb34c28f22e8b96e1ab97ce403110664 -> 
  custom:video-decoder-webm-vp8: 9c59270c3fd7afecdb556c50c9e8de78 -> 
  custom:audio-decoder-ogg-vorbis: bf7c407c2cedff20999df2af8eb42d56 -> 
  custom:audio-encoder-webm-vorbis: bf7c407c2cedff20999df2af8eb42d56 -> 
========================================================================
Received Prepare
Registering precompiled user dll's ...
Registered in 0.007195 seconds.
Begin MonoManager ReloadAssembly
Native extension for WindowsStandalone target not found
Native extension for WebGL target not found
Refreshing native plugins compatible for Editor in 0.61 ms, found 4 plugins.
Preloading 0 native plugins for Editor in 0.00 ms.
Mono: successfully reloaded assembly
- Completed reload, in  0.928 seconds
Domain Reload Profiling:
	ReloadAssembly (929ms)
		BeginReloadAssembly (105ms)
			ExecutionOrderSort (0ms)
			DisableScriptedObjects (5ms)
			BackupInstance (0ms)
			ReleaseScriptingObjects (0ms)
			CreateAndSetChildDomain (36ms)
		EndReloadAssembly (776ms)
			LoadAssemblies (92ms)
			RebuildTransferFunctionScriptingTraits (0ms)
			SetupTypeCache (308ms)
			ReleaseScriptCaches (1ms)
			RebuildScriptCaches (32ms)
			SetupLoadedEditorAssemblies (254ms)
				LogAssemblyErrors (0ms)
				InitializePlatformSupportModulesInManaged (5ms)
				SetLoadedEditorAssemblies (0ms)
				RefreshPlugins (1ms)
				BeforeProcessingInitializeOnLoad (52ms)
				ProcessInitializeOnLoadAttributes (183ms)
				ProcessInitializeOnLoadMethodAttributes (8ms)
				AfterProcessingInitializeOnLoad (4ms)
				EditorAssembliesLoaded (0ms)
			ExecutionOrderSort2 (0ms)
			AwakeInstancesAfterBackupRestoration (7ms)
Platform modules already initialized, skipping
Refreshing native plugins compatible for Editor in 0.56 ms, found 4 plugins.
Preloading 0 native plugins for Editor in 0.00 ms.
Unloading 2197 Unused Serialized files (Serialized files now loaded: 0)
System memory in use before: 100.6 MB.
System memory in use after: 100.8 MB.

Unloading 35 unused Assets to reduce memory usage. Loaded Objects now: 2760.
Total: 2.396100 ms (FindLiveObjects: 0.164800 ms CreateObjectMapping: 0.053300 ms MarkObjects: 2.159100 ms  DeleteObjects: 0.018100 ms)

AssetImportParameters requested are different than current active one (requested -> active):
  custom:framework-win-MediaFoundation: 216162199b28c13a410421893ffa2e32 -> 
  custom:video-decoder-ogg-theora: a1e56fd34408186e4bbccfd4996cb3dc -> 
  custom:container-muxer-webm: aa71ff27fc2769a1b78a27578f13a17b -> 
  custom:container-demuxer-webm: 4f35f7cbe854078d1ac9338744f61a02 -> 
  custom:container-demuxer-ogg: 62fdf1f143b41e24485cea50d1cbac27 -> 
  custom:video-encoder-webm-vp8: eb34c28f22e8b96e1ab97ce403110664 -> 
  custom:video-decoder-webm-vp8: 9c59270c3fd7afecdb556c50c9e8de78 -> 
  custom:audio-decoder-ogg-vorbis: bf7c407c2cedff20999df2af8eb42d56 -> 
  custom:audio-encoder-webm-vorbis: bf7c407c2cedff20999df2af8eb42d56 -> 
========================================================================
Received Prepare
Registering precompiled user dll's ...
Registered in 0.012543 seconds.
Begin MonoManager ReloadAssembly
Native extension for WindowsStandalone target not found
Native extension for WebGL target not found
Refreshing native plugins compatible for Editor in 0.65 ms, found 4 plugins.
Preloading 0 native plugins for Editor in 0.00 ms.
Mono: successfully reloaded assembly
- Completed reload, in  0.880 seconds
Domain Reload Profiling:
	ReloadAssembly (881ms)
		BeginReloadAssembly (95ms)
			ExecutionOrderSort (0ms)
			DisableScriptedObjects (5ms)
			BackupInstance (0ms)
			ReleaseScriptingObjects (0ms)
			CreateAndSetChildDomain (31ms)
		EndReloadAssembly (737ms)
			LoadAssemblies (77ms)
			RebuildTransferFunctionScriptingTraits (0ms)
			SetupTypeCache (274ms)
			ReleaseScriptCaches (1ms)
			RebuildScriptCaches (31ms)
			SetupLoadedEditorAssemblies (269ms)
				LogAssemblyErrors (0ms)
				InitializePlatformSupportModulesInManaged (5ms)
				SetLoadedEditorAssemblies (0ms)
				RefreshPlugins (1ms)
				BeforeProcessingInitializeOnLoad (46ms)
				ProcessInitializeOnLoadAttributes (205ms)
				ProcessInitializeOnLoadMethodAttributes (8ms)
				AfterProcessingInitializeOnLoad (5ms)
				EditorAssembliesLoaded (0ms)
			ExecutionOrderSort2 (0ms)
			AwakeInstancesAfterBackupRestoration (7ms)
Platform modules already initialized, skipping
Refreshing native plugins compatible for Editor in 0.72 ms, found 4 plugins.
Preloading 0 native plugins for Editor in 0.00 ms.
Unloading 2197 Unused Serialized files (Serialized files now loaded: 0)
System memory in use before: 100.6 MB.
System memory in use after: 100.8 MB.

Unloading 35 unused Assets to reduce memory usage. Loaded Objects now: 2762.
Total: 3.418200 ms (FindLiveObjects: 0.166700 ms CreateObjectMapping: 0.054200 ms MarkObjects: 3.173400 ms  DeleteObjects: 0.022700 ms)

AssetImportParameters requested are different than current active one (requested -> active):
  custom:framework-win-MediaFoundation: 216162199b28c13a410421893ffa2e32 -> 
  custom:video-decoder-ogg-theora: a1e56fd34408186e4bbccfd4996cb3dc -> 
  custom:container-muxer-webm: aa71ff27fc2769a1b78a27578f13a17b -> 
  custom:container-demuxer-webm: 4f35f7cbe854078d1ac9338744f61a02 -> 
  custom:container-demuxer-ogg: 62fdf1f143b41e24485cea50d1cbac27 -> 
  custom:video-encoder-webm-vp8: eb34c28f22e8b96e1ab97ce403110664 -> 
  custom:video-decoder-webm-vp8: 9c59270c3fd7afecdb556c50c9e8de78 -> 
  custom:audio-decoder-ogg-vorbis: bf7c407c2cedff20999df2af8eb42d56 -> 
  custom:audio-encoder-webm-vorbis: bf7c407c2cedff20999df2af8eb42d56 -> 
========================================================================
Received Import Request.
  Time since last request: 551.531362 seconds.
  path: Assets/model3D/biome_montagne 1.fbx
  artifactKey: Guid(38baa62cf972cf143bd19769ded14d7c) Importer(815301076,1909f56bfc062723c751e8b465ee728b)
Start importing Assets/model3D/biome_montagne 1.fbx using Guid(38baa62cf972cf143bd19769ded14d7c) Importer(815301076,1909f56bfc062723c751e8b465ee728b)  -> (artifact id: '7f680f38ab7b95056c0e9c315a42ddb9') in 0.752676 seconds 
  Import took 0.756602 seconds .

========================================================================
Received Import Request.
  Time since last request: 0.000186 seconds.
  path: Assets/model3D/biome_savane.fbx
  artifactKey: Guid(68d10d7331c966944badd4ee48826d2e) Importer(815301076,1909f56bfc062723c751e8b465ee728b)
Start importing Assets/model3D/biome_savane.fbx using Guid(68d10d7331c966944badd4ee48826d2e) Importer(815301076,1909f56bfc062723c751e8b465ee728b)  -> (artifact id: 'd3b4ded5f0ee8dd5fd8f2f919f96c916') in 1.164712 seconds 
  Import took 1.169382 seconds .

========================================================================
Received Import Request.
  Time since last request: 0.000212 seconds.
  path: Assets/Resources/DOTweenSettings.asset
  artifactKey: Guid(ab65e0e8794908a4eb4ae4d18ef61816) Importer(815301076,1909f56bfc062723c751e8b465ee728b)
Start importing Assets/Resources/DOTweenSettings.asset using Guid(ab65e0e8794908a4eb4ae4d18ef61816) Importer(815301076,1909f56bfc062723c751e8b465ee728b)  -> (artifact id: 'd8bc45cc7a4932bd797778438a8fb473') in 0.020117 seconds 
  Import took 0.023069 seconds .

========================================================================
Received Import Request.
  Time since last request: 0.000161 seconds.
  path: Assets/model3D/Eau (1).fbx
  artifactKey: Guid(f660fd9e67d95134eb1c7237820ee15b) Importer(815301076,1909f56bfc062723c751e8b465ee728b)
Start importing Assets/model3D/Eau (1).fbx using Guid(f660fd9e67d95134eb1c7237820ee15b) Importer(815301076,1909f56bfc062723c751e8b465ee728b)  -> (artifact id: '2b8f68a6d1b8039c90357585bc6d543c') in 0.031731 seconds 
  Import took 0.034811 seconds .

========================================================================
Received Import Request.
  Time since last request: 0.000164 seconds.
  path: Assets/model3D/biome_tropical (1).fbx
  artifactKey: Guid(91509a4117c877540ba035d222c5e67c) Importer(815301076,1909f56bfc062723c751e8b465ee728b)
Start importing Assets/model3D/biome_tropical (1).fbx using Guid(91509a4117c877540ba035d222c5e67c) Importer(815301076,1909f56bfc062723c751e8b465ee728b)  -> (artifact id: '07a006966e95ed1d2c3669b0793f8648') in 1.625552 seconds 
  Import took 1.630619 seconds .

========================================================================
Received Import Request.
  Time since last request: 0.000201 seconds.
  path: Assets/model3D/biome_montagne.fbx
  artifactKey: Guid(86ae8ddf71c44834092c6d6596603e88) Importer(815301076,1909f56bfc062723c751e8b465ee728b)
Start importing Assets/model3D/biome_montagne.fbx using Guid(86ae8ddf71c44834092c6d6596603e88) Importer(815301076,1909f56bfc062723c751e8b465ee728b)  -> (artifact id: '122b92908939c9f514abfe775235af9b') in 0.413025 seconds 
  Import took 0.416590 seconds .

========================================================================
Received Import Request.
  Time since last request: 7.428917 seconds.
  path: Packages/com.unity.textmeshpro
  artifactKey: Guid(cabaa672b0e3ee91fa7b6da4daab7970) Importer(815301076,1909f56bfc062723c751e8b465ee728b)
Start importing Packages/com.unity.textmeshpro using Guid(cabaa672b0e3ee91fa7b6da4daab7970) Importer(815301076,1909f56bfc062723c751e8b465ee728b)  -> (artifact id: '169a733f15e62358392572f7d3dbae7f') in 0.017235 seconds 
  Import took 0.020295 seconds .

========================================================================
Received Import Request.
  Time since last request: 2.880671 seconds.
  path: Packages/com.unity.textmeshpro/package.json
  artifactKey: Guid(220e9325710f4235a43492dd1ee4980d) Importer(815301076,1909f56bfc062723c751e8b465ee728b)
Start importing Packages/com.unity.textmeshpro/package.json using Guid(220e9325710f4235a43492dd1ee4980d) Importer(815301076,1909f56bfc062723c751e8b465ee728b)  -> (artifact id: '2c6d4de5db3a39bcb3575c98dc9df750') in 0.021156 seconds 
  Import took 0.024987 seconds .

========================================================================
Received Import Request.
  Time since last request: 9.219188 seconds.
  path: Assets/sprites/jaugesBiomes/Jauge_herbivore.png
  artifactKey: Guid(2b7392f3983a70342aa137c8940f0731) Importer(815301076,1909f56bfc062723c751e8b465ee728b)
Start importing Assets/sprites/jaugesBiomes/Jauge_herbivore.png using Guid(2b7392f3983a70342aa137c8940f0731) Importer(815301076,1909f56bfc062723c751e8b465ee728b)  -> (artifact id: 'd7b1981c2d6220e7b85f7b2ab7837481') in 0.024711 seconds 
  Import took 0.028144 seconds .

========================================================================
Received Import Request.
  Time since last request: 0.000203 seconds.
  path: Assets/sprites/jaugesBiomes/Jauge_viande.png
  artifactKey: Guid(27a4a313c0b7ca845a6bd1d69f9d0a03) Importer(815301076,1909f56bfc062723c751e8b465ee728b)
Start importing Assets/sprites/jaugesBiomes/Jauge_viande.png using Guid(27a4a313c0b7ca845a6bd1d69f9d0a03) Importer(815301076,1909f56bfc062723c751e8b465ee728b)  -> (artifact id: 'bdbbfdb10669826b2d38f954280976d3') in 0.018692 seconds 
  Import took 0.022407 seconds .

========================================================================
Received Import Request.
  Time since last request: 0.000184 seconds.
  path: Assets/sprites/jaugesBiomes/jauge_vegetal.png
  artifactKey: Guid(8799b3ccf6e15cd42a3aeb22ff653597) Importer(815301076,1909f56bfc062723c751e8b465ee728b)
Start importing Assets/sprites/jaugesBiomes/jauge_vegetal.png using Guid(8799b3ccf6e15cd42a3aeb22ff653597) Importer(815301076,1909f56bfc062723c751e8b465ee728b)  -> (artifact id: 'ae62388298b3c229caeff47f43f35e32') in 0.034246 seconds 
  Import took 0.037351 seconds .

========================================================================
Received Import Request.
  Time since last request: 1.574482 seconds.
  path: Assets/sprites/Frise_chronologique_ui.png
  artifactKey: Guid(880d69a615a76144497c33433ed9a43f) Importer(815301076,1909f56bfc062723c751e8b465ee728b)
Start importing Assets/sprites/Frise_chronologique_ui.png using Guid(880d69a615a76144497c33433ed9a43f) Importer(815301076,1909f56bfc062723c751e8b465ee728b)  -> (artifact id: 'ca3c6c8ae63accff30838ea2cd46dedc') in 0.015252 seconds 
  Import took 0.018474 seconds .

========================================================================
Received Import Request.
  Time since last request: 4.789589 seconds.
  path: Assets/fluctuation_name.png
  artifactKey: Guid(5b4a146fc29701040a22311477b967d6) Importer(815301076,1909f56bfc062723c751e8b465ee728b)
Start importing Assets/fluctuation_name.png using Guid(5b4a146fc29701040a22311477b967d6) Importer(815301076,1909f56bfc062723c751e8b465ee728b)  -> (artifact id: '7b1683ff3e53bdac65af9d07ea60d08d') in 0.015906 seconds 
  Import took 0.019311 seconds .

========================================================================
Received Import Request.
  Time since last request: 11.937162 seconds.
  path: Assets/policeEcriture
  artifactKey: Guid(e771f3abd87857040bc082d651b8c812) Importer(815301076,1909f56bfc062723c751e8b465ee728b)
Start importing Assets/policeEcriture using Guid(e771f3abd87857040bc082d651b8c812) Importer(815301076,1909f56bfc062723c751e8b465ee728b)  -> (artifact id: '9f808a7c94834c0645ff6951e831ebf2') in 0.006309 seconds 
  Import took 0.010401 seconds .

========================================================================
Received Import Request.
  Time since last request: 24.016729 seconds.
  path: Assets/policeEcriture/valid_harmony
  artifactKey: Guid(4841ae6a1a3130a4a84b1e0d6881b397) Importer(815301076,1909f56bfc062723c751e8b465ee728b)
Start importing Assets/policeEcriture/valid_harmony using Guid(4841ae6a1a3130a4a84b1e0d6881b397) Importer(815301076,1909f56bfc062723c751e8b465ee728b)  -> (artifact id: 'a88e0b05a33f87d589f6a93e28a48f0e') in 0.005687 seconds 
  Import took 0.009152 seconds .

========================================================================
Received Import Request.
  Time since last request: 0.032563 seconds.
  path: Assets/policeEcriture/valid_harmony/Valid Harmony.otf
  artifactKey: Guid(9cdae7dda37326845a0150b1191e0e5e) Importer(815301076,1909f56bfc062723c751e8b465ee728b)
Start importing Assets/policeEcriture/valid_harmony/Valid Harmony.otf using Guid(9cdae7dda37326845a0150b1191e0e5e) Importer(815301076,1909f56bfc062723c751e8b465ee728b)  -> (artifact id: '04054560fff2a9fc608798fd4a0e75ea') in 0.021263 seconds 
  Import took 0.024586 seconds .

========================================================================
Received Import Request.
  Time since last request: 0.000232 seconds.
  path: Assets/policeEcriture/valid_harmony/Valid Harmony.ttf
  artifactKey: Guid(411b7077ee2da5247bd850a8afad3d05) Importer(815301076,1909f56bfc062723c751e8b465ee728b)
Start importing Assets/policeEcriture/valid_harmony/Valid Harmony.ttf using Guid(411b7077ee2da5247bd850a8afad3d05) Importer(815301076,1909f56bfc062723c751e8b465ee728b)  -> (artifact id: '2883b289b54de02ca1ffecdd30efe2cc') in 0.010158 seconds 
  Import took 0.013355 seconds .

========================================================================
Received Import Request.
  Time since last request: 151.547743 seconds.
  path: Assets/Sounds/musique
  artifactKey: Guid(184b6f279cb5485488040b7dc31497eb) Importer(815301076,1909f56bfc062723c751e8b465ee728b)
Start importing Assets/Sounds/musique using Guid(184b6f279cb5485488040b7dc31497eb) Importer(815301076,1909f56bfc062723c751e8b465ee728b)  -> (artifact id: 'b99f7e9177007ad0ff5260b85dc8dde0') in 0.006245 seconds 
  Import took 0.010688 seconds .

========================================================================
Received Import Request.
  Time since last request: 0.036087 seconds.
  path: Assets/Sounds/musique/LoopMusiqueBiome1.mp3
  artifactKey: Guid(5062af39ceeabe74f8c24c59d738ab8f) Importer(815301076,1909f56bfc062723c751e8b465ee728b)
Start importing Assets/Sounds/musique/LoopMusiqueBiome1.mp3 using Guid(5062af39ceeabe74f8c24c59d738ab8f) Importer(815301076,1909f56bfc062723c751e8b465ee728b)  -> (artifact id: '71fff56ff62dd63b3e255eab436d19e2') in 0.036293 seconds 
  Import took 0.039489 seconds .

========================================================================
Received Import Request.
  Time since last request: 0.000217 seconds.
  path: Assets/Sounds/musique/MusiqueBiome2.mp3
  artifactKey: Guid(4a894dace13506043b6b06f511b06b74) Importer(815301076,1909f56bfc062723c751e8b465ee728b)
Start importing Assets/Sounds/musique/MusiqueBiome2.mp3 using Guid(4a894dace13506043b6b06f511b06b74) Importer(815301076,1909f56bfc062723c751e8b465ee728b)  -> (artifact id: '6011fce0fd8b95e4fcb960c667327979') in 0.014411 seconds 
  Import took 0.018484 seconds .

========================================================================
Received Import Request.
  Time since last request: 0.000171 seconds.
  path: Assets/Sounds/musique/MusiqueBiome3.mp3
  artifactKey: Guid(5684e71cf22be574ebc2dc67df528114) Importer(815301076,1909f56bfc062723c751e8b465ee728b)
Start importing Assets/Sounds/musique/MusiqueBiome3.mp3 using Guid(5684e71cf22be574ebc2dc67df528114) Importer(815301076,1909f56bfc062723c751e8b465ee728b)  -> (artifact id: '1986188c81a73403c36f6a6f02a1ca52') in 0.013672 seconds 
  Import took 0.017487 seconds .

========================================================================
Received Import Request.
  Time since last request: 34.823602 seconds.
  path: Assets/Sounds/bruitsCartes
  artifactKey: Guid(cfc5d16d2d18e7249b5f95a76248c45f) Importer(815301076,1909f56bfc062723c751e8b465ee728b)
Start importing Assets/Sounds/bruitsCartes using Guid(cfc5d16d2d18e7249b5f95a76248c45f) Importer(815301076,1909f56bfc062723c751e8b465ee728b)  -> (artifact id: 'c0d281abcb7c7512281661b26733fee0') in 0.006666 seconds 
  Import took 0.021403 seconds .

========================================================================
Received Import Request.
  Time since last request: 9.999526 seconds.
  path: Assets/Sounds/bruitsEvent
  artifactKey: Guid(b0abf7a2c2fcedf4f835688c36a78ea7) Importer(815301076,1909f56bfc062723c751e8b465ee728b)
Start importing Assets/Sounds/bruitsEvent using Guid(b0abf7a2c2fcedf4f835688c36a78ea7) Importer(815301076,1909f56bfc062723c751e8b465ee728b)  -> (artifact id: '32f06b4647c548984f6c5d6d38e5791c') in 0.006456 seconds 
  Import took 0.009824 seconds .

========================================================================
Received Import Request.
  Time since last request: 59.485184 seconds.
  path: Assets/Sounds/SonsEvenementTirageCartes
  artifactKey: Guid(fc9c38edd8a4de44db5e0c4116b81116) Importer(815301076,1909f56bfc062723c751e8b465ee728b)
Start importing Assets/Sounds/SonsEvenementTirageCartes using Guid(fc9c38edd8a4de44db5e0c4116b81116) Importer(815301076,1909f56bfc062723c751e8b465ee728b)  -> (artifact id: '69de6d797c273f0f36dddda1c533ac18') in 0.006429 seconds 
  Import took 0.010245 seconds .

========================================================================
Received Import Request.
  Time since last request: 157.901021 seconds.
  path: Assets/Sounds/SonsEvenementTirageCartes/SonEvenementCarte2.mp3
  artifactKey: Guid(234a42a7d171cc341b19343d5b25df78) Importer(815301076,1909f56bfc062723c751e8b465ee728b)
Start importing Assets/Sounds/SonsEvenementTirageCartes/SonEvenementCarte2.mp3 using Guid(234a42a7d171cc341b19343d5b25df78) Importer(815301076,1909f56bfc062723c751e8b465ee728b)  -> (artifact id: '2a4df10b0e6b22505b6522b2d213a688') in 0.013756 seconds 
  Import took 0.017544 seconds .

========================================================================
Received Import Request.
  Time since last request: 0.000184 seconds.
  path: Assets/Sounds/SonsEvenementTirageCartes/SonEvenementCarte4.mp3
  artifactKey: Guid(952d218aa1943b3459e97cfed5eef577) Importer(815301076,1909f56bfc062723c751e8b465ee728b)
Start importing Assets/Sounds/SonsEvenementTirageCartes/SonEvenementCarte4.mp3 using Guid(952d218aa1943b3459e97cfed5eef577) Importer(815301076,1909f56bfc062723c751e8b465ee728b)  -> (artifact id: 'a1fc7651eaa30f6fe4cd5ebbc777171d') in 0.014086 seconds 
  Import took 0.017728 seconds .

========================================================================
Received Import Request.
  Time since last request: 0.000196 seconds.
  path: Assets/Sounds/SonsEvenementTirageCartes/SonEvenementCarte6.mp3
  artifactKey: Guid(23747374380a2604188b6d02fddf07c1) Importer(815301076,1909f56bfc062723c751e8b465ee728b)
Start importing Assets/Sounds/SonsEvenementTirageCartes/SonEvenementCarte6.mp3 using Guid(23747374380a2604188b6d02fddf07c1) Importer(815301076,1909f56bfc062723c751e8b465ee728b)  -> (artifact id: 'bf43b6cf6fce7ffb7c999eac6b59f666') in 0.027041 seconds 
  Import took 0.030471 seconds .

========================================================================
Received Import Request.
  Time since last request: 0.000322 seconds.
  path: Assets/Sounds/SonsEvenementTirageCartes/SonEvenementCarte3.mp3
  artifactKey: Guid(e979a9a4a72d9394aab492e77f7500fc) Importer(815301076,1909f56bfc062723c751e8b465ee728b)
Start importing Assets/Sounds/SonsEvenementTirageCartes/SonEvenementCarte3.mp3 using Guid(e979a9a4a72d9394aab492e77f7500fc) Importer(815301076,1909f56bfc062723c751e8b465ee728b)  -> (artifact id: 'a45e7e65da0ef4da89ed2af6b5001416') in 0.017293 seconds 
  Import took 0.021240 seconds .

========================================================================
Received Import Request.
  Time since last request: 0.000184 seconds.
  path: Assets/Sounds/SonsEvenementTirageCartes/SonEvenementCarte5.mp3
  artifactKey: Guid(902c9c86db08bfc47897589f8d852c01) Importer(815301076,1909f56bfc062723c751e8b465ee728b)
Start importing Assets/Sounds/SonsEvenementTirageCartes/SonEvenementCarte5.mp3 using Guid(902c9c86db08bfc47897589f8d852c01) Importer(815301076,1909f56bfc062723c751e8b465ee728b)  -> (artifact id: '42a762123c2ac65ab718606d36fdcb84') in 0.013449 seconds 
  Import took 0.016821 seconds .

========================================================================
Received Import Request.
  Time since last request: 0.000204 seconds.
  path: Assets/Sounds/SonsEvenementTirageCartes/SonEvenementswipCarte1.mp3
  artifactKey: Guid(534907d8c423ee046bbd62a46ee2f3d9) Importer(815301076,1909f56bfc062723c751e8b465ee728b)
Start importing Assets/Sounds/SonsEvenementTirageCartes/SonEvenementswipCarte1.mp3 using Guid(534907d8c423ee046bbd62a46ee2f3d9) Importer(815301076,1909f56bfc062723c751e8b465ee728b)  -> (artifact id: '580faac00c9f8b2c89cf21a9ace5e666') in 0.023725 seconds 
  Import took 0.027644 seconds .

========================================================================
Received Import Request.
  Time since last request: 1429.871151 seconds.
  path: Assets/sprites/cartesJoueur/carte_AmemochorieV2 1.png
  artifactKey: Guid(04b7faf05adc775439af28ce0121c81a) Importer(815301076,1909f56bfc062723c751e8b465ee728b)
Start importing Assets/sprites/cartesJoueur/carte_AmemochorieV2 1.png using Guid(04b7faf05adc775439af28ce0121c81a) Importer(815301076,1909f56bfc062723c751e8b465ee728b)  -> (artifact id: '78f4fd0754333342f8e667b2734ecde3') in 0.025476 seconds 
  Import took 0.029692 seconds .

========================================================================
Received Import Request.
  Time since last request: 0.000232 seconds.
  path: Assets/sprites/cartesJoueur/carte_HydrochorieV2 1.png
  artifactKey: Guid(d8fc7033e0d7cbd448bea3f7d30273a2) Importer(815301076,1909f56bfc062723c751e8b465ee728b)
Start importing Assets/sprites/cartesJoueur/carte_HydrochorieV2 1.png using Guid(d8fc7033e0d7cbd448bea3f7d30273a2) Importer(815301076,1909f56bfc062723c751e8b465ee728b)  -> (artifact id: '050315aa37e22d5b064c69c897edadb1') in 0.014868 seconds 
  Import took 0.019138 seconds .

========================================================================
Received Import Request.
  Time since last request: 0.000172 seconds.
  path: Assets/sprites/cartesJoueur/carte_speciation_vegetalV2 1.png
  artifactKey: Guid(59cd19a53aa1d454bb5d7a007d6a668d) Importer(815301076,1909f56bfc062723c751e8b465ee728b)
Start importing Assets/sprites/cartesJoueur/carte_speciation_vegetalV2 1.png using Guid(59cd19a53aa1d454bb5d7a007d6a668d) Importer(815301076,1909f56bfc062723c751e8b465ee728b)  -> (artifact id: '34f9aaef33e972817773d93ad57b08b3') in 0.012989 seconds 
  Import took 0.016041 seconds .

========================================================================
Received Import Request.
  Time since last request: 0.000210 seconds.
  path: Assets/sprites/cartesJoueur/carte_naivete_InsulaireV2 1.png
  artifactKey: Guid(402a3ee0222aea346897080bd4087395) Importer(815301076,1909f56bfc062723c751e8b465ee728b)
Start importing Assets/sprites/cartesJoueur/carte_naivete_InsulaireV2 1.png using Guid(402a3ee0222aea346897080bd4087395) Importer(815301076,1909f56bfc062723c751e8b465ee728b)  -> (artifact id: '4c09ba8a23d84e0014e05b9cd2a4737a') in 0.013315 seconds 
  Import took 0.017244 seconds .

========================================================================
Received Import Request.
  Time since last request: 0.000200 seconds.
  path: Assets/sprites/cartesJoueur/carte_speciation_carnivoreV2 1.png
  artifactKey: Guid(871f3ce0beeef664c91a57a82690c534) Importer(815301076,1909f56bfc062723c751e8b465ee728b)
Start importing Assets/sprites/cartesJoueur/carte_speciation_carnivoreV2 1.png using Guid(871f3ce0beeef664c91a57a82690c534) Importer(815301076,1909f56bfc062723c751e8b465ee728b)  -> (artifact id: '722659ee78e8bbee939754182308fb54') in 0.013212 seconds 
  Import took 0.016256 seconds .

========================================================================
Received Import Request.
  Time since last request: 0.000161 seconds.
  path: Assets/sprites/cartesJoueur/carte_DemographiqueV2 1.png
  artifactKey: Guid(238dfb6f5cb78b74e87b33a92bab044d) Importer(815301076,1909f56bfc062723c751e8b465ee728b)
Start importing Assets/sprites/cartesJoueur/carte_DemographiqueV2 1.png using Guid(238dfb6f5cb78b74e87b33a92bab044d) Importer(815301076,1909f56bfc062723c751e8b465ee728b)  -> (artifact id: '80a2c83757e96fbad8664d3d9755c4a2') in 0.014460 seconds 
  Import took 0.017342 seconds .

========================================================================
Received Import Request.
  Time since last request: 0.000160 seconds.
  path: Assets/sprites/cartesJoueur/carte_Renouee_du_japonV2 1.png
  artifactKey: Guid(ce5c11911adcbf641a0bf281c0d47a12) Importer(815301076,1909f56bfc062723c751e8b465ee728b)
Start importing Assets/sprites/cartesJoueur/carte_Renouee_du_japonV2 1.png using Guid(ce5c11911adcbf641a0bf281c0d47a12) Importer(815301076,1909f56bfc062723c751e8b465ee728b)  -> (artifact id: '4a985c1cbff18e85dc850e278f9e9e3d') in 0.014422 seconds 
  Import took 0.017322 seconds .

========================================================================
Received Import Request.
  Time since last request: 0.000158 seconds.
  path: Assets/sprites/cartesJoueur/carte_speciation_herbivoreV2 1.png
  artifactKey: Guid(153a3133c604d2d4f9d6a1222cd91098) Importer(815301076,1909f56bfc062723c751e8b465ee728b)
Start importing Assets/sprites/cartesJoueur/carte_speciation_herbivoreV2 1.png using Guid(153a3133c604d2d4f9d6a1222cd91098) Importer(815301076,1909f56bfc062723c751e8b465ee728b)  -> (artifact id: 'afbeb0a9679dd2b5c065824676e9d05f') in 0.015244 seconds 
  Import took 0.019484 seconds .

========================================================================
Received Import Request.
  Time since last request: 168.753369 seconds.
  path: Assets/sprites/cartesJoueursV2
  artifactKey: Guid(d14ce313aaf175640b0d93a812881e0d) Importer(815301076,1909f56bfc062723c751e8b465ee728b)
Start importing Assets/sprites/cartesJoueursV2 using Guid(d14ce313aaf175640b0d93a812881e0d) Importer(815301076,1909f56bfc062723c751e8b465ee728b)  -> (artifact id: 'a9c7849620eebb103fee377354a34082') in 0.005984 seconds 
  Import took 0.009864 seconds .

========================================================================
Received Import Request.
  Time since last request: 16.250825 seconds.
  path: Assets/sprites/newCartesJoueurs
  artifactKey: Guid(d14ce313aaf175640b0d93a812881e0d) Importer(815301076,1909f56bfc062723c751e8b465ee728b)
Start importing Assets/sprites/newCartesJoueurs using Guid(d14ce313aaf175640b0d93a812881e0d) Importer(815301076,1909f56bfc062723c751e8b465ee728b)  -> (artifact id: 'fe4f1d901c07b5ee04b50a99d96555de') in 0.007360 seconds 
  Import took 0.010809 seconds .

========================================================================
Received Import Request.
  Time since last request: 1.999427 seconds.
  path: Assets/sprites/newCartesJoueurs/carte_AmemochorieV2.png
  artifactKey: Guid(4d6b2b4e0602806479ffc37dcdc9ea72) Importer(815301076,1909f56bfc062723c751e8b465ee728b)
Start importing Assets/sprites/newCartesJoueurs/carte_AmemochorieV2.png using Guid(4d6b2b4e0602806479ffc37dcdc9ea72) Importer(815301076,1909f56bfc062723c751e8b465ee728b)  -> (artifact id: '53253b1860e4ea4548f11840c67a502c') in 0.023090 seconds 
  Import took 0.027166 seconds .

========================================================================
Received Import Request.
  Time since last request: 0.000198 seconds.
  path: Assets/sprites/newCartesJoueurs/carte_speciation_carnivoreV2.png
  artifactKey: Guid(bc95fed9b59be5347b85098cf8a339eb) Importer(815301076,1909f56bfc062723c751e8b465ee728b)
Start importing Assets/sprites/newCartesJoueurs/carte_speciation_carnivoreV2.png using Guid(bc95fed9b59be5347b85098cf8a339eb) Importer(815301076,1909f56bfc062723c751e8b465ee728b)  -> (artifact id: '9cb45d3aa2ec5b8f18dd6118a94f0f31') in 0.018718 seconds 
  Import took 0.023278 seconds .

========================================================================
Received Import Request.
  Time since last request: 0.000185 seconds.
  path: Assets/sprites/newCartesJoueurs/carte_naivete_InsulaireV2.png
  artifactKey: Guid(6f6f9a3cdddb1614590ec34e22ec5ff2) Importer(815301076,1909f56bfc062723c751e8b465ee728b)
Start importing Assets/sprites/newCartesJoueurs/carte_naivete_InsulaireV2.png using Guid(6f6f9a3cdddb1614590ec34e22ec5ff2) Importer(815301076,1909f56bfc062723c751e8b465ee728b)  -> (artifact id: 'a3b4f279a5437288ecfe38034e9c4143') in 0.021218 seconds 
  Import took 0.024948 seconds .

========================================================================
Received Import Request.
  Time since last request: 0.000178 seconds.
  path: Assets/sprites/newCartesJoueurs/carte_DemographiqueV2.png
  artifactKey: Guid(20082795814e0984cac4cf783b93dc21) Importer(815301076,1909f56bfc062723c751e8b465ee728b)
Start importing Assets/sprites/newCartesJoueurs/carte_DemographiqueV2.png using Guid(20082795814e0984cac4cf783b93dc21) Importer(815301076,1909f56bfc062723c751e8b465ee728b)  -> (artifact id: 'ab27c5ba1e6ca655a8fcb242785bcf0a') in 0.025792 seconds 
  Import took 0.029921 seconds .

========================================================================
Received Import Request.
  Time since last request: 0.000227 seconds.
  path: Assets/sprites/newCartesJoueurs/carte_speciation_herbivoreV2.png
  artifactKey: Guid(e195e84ffbafe7c4d9aeb4f290c6fa4a) Importer(815301076,1909f56bfc062723c751e8b465ee728b)
Start importing Assets/sprites/newCartesJoueurs/carte_speciation_herbivoreV2.png using Guid(e195e84ffbafe7c4d9aeb4f290c6fa4a) Importer(815301076,1909f56bfc062723c751e8b465ee728b)  -> (artifact id: 'e4c8c8e05455a32fd2236bdcd529d7a6') in 0.021974 seconds 
  Import took 0.025737 seconds .

========================================================================
Received Import Request.
  Time since last request: 0.000181 seconds.
  path: Assets/sprites/newCartesJoueurs/carte_HydrochorieV2.png
  artifactKey: Guid(a50494e2af6611448b3c5bcbb402475f) Importer(815301076,1909f56bfc062723c751e8b465ee728b)
Start importing Assets/sprites/newCartesJoueurs/carte_HydrochorieV2.png using Guid(a50494e2af6611448b3c5bcbb402475f) Importer(815301076,1909f56bfc062723c751e8b465ee728b)  -> (artifact id: 'f8895e9a44f302c6a32a9a3b8a562633') in 0.017097 seconds 
  Import took 0.021209 seconds .

========================================================================
Received Import Request.
  Time since last request: 0.000181 seconds.
  path: Assets/sprites/newCartesJoueurs/carte_speciation_vegetalV2.png
  artifactKey: Guid(47bff6eed2c202143824e093dd635c34) Importer(815301076,1909f56bfc062723c751e8b465ee728b)
Start importing Assets/sprites/newCartesJoueurs/carte_speciation_vegetalV2.png using Guid(47bff6eed2c202143824e093dd635c34) Importer(815301076,1909f56bfc062723c751e8b465ee728b)  -> (artifact id: '3ccfd4c4c33bf67192e3be448eb0a592') in 0.026088 seconds 
  Import took 0.029630 seconds .

========================================================================
Received Import Request.
  Time since last request: 0.000186 seconds.
  path: Assets/sprites/newCartesJoueurs/carte_Renouee_du_japonV2.png
  artifactKey: Guid(a363de0d6a9042144bb2e453f2183f6a) Importer(815301076,1909f56bfc062723c751e8b465ee728b)
Start importing Assets/sprites/newCartesJoueurs/carte_Renouee_du_japonV2.png using Guid(a363de0d6a9042144bb2e453f2183f6a) Importer(815301076,1909f56bfc062723c751e8b465ee728b)  -> (artifact id: '1bcde714339f208fa9c1f83c8f5f462a') in 0.021270 seconds 
  Import took 0.025144 seconds .

========================================================================
Received Import Request.
  Time since last request: 612.929734 seconds.
  path: Assets/sprites/Bulles
  artifactKey: Guid(0c3a951ac4256de4fa587ef070220a63) Importer(815301076,1909f56bfc062723c751e8b465ee728b)
Start importing Assets/sprites/Bulles using Guid(0c3a951ac4256de4fa587ef070220a63) Importer(815301076,1909f56bfc062723c751e8b465ee728b)  -> (artifact id: '39b5d8f1128a054b8c7b191dd324c8db') in 0.006834 seconds 
  Import took 0.011450 seconds .

========================================================================
Received Import Request.
  Time since last request: 0.067168 seconds.
  path: Assets/sprites/Bulles/bulle_cataclysme.png
  artifactKey: Guid(b58843813547e94449fac79a15a31c25) Importer(815301076,1909f56bfc062723c751e8b465ee728b)
Start importing Assets/sprites/Bulles/bulle_cataclysme.png using Guid(b58843813547e94449fac79a15a31c25) Importer(815301076,1909f56bfc062723c751e8b465ee728b)  -> (artifact id: 'ad7b9772caf41d839ddaac472f17f136') in 0.018299 seconds 
  Import took 0.022140 seconds .

========================================================================
Received Import Request.
  Time since last request: 0.000204 seconds.
  path: Assets/sprites/Bulles/bulle_fonctionnement_cartes.png
  artifactKey: Guid(64f7ea2f47f313244a04460821ffcfa3) Importer(815301076,1909f56bfc062723c751e8b465ee728b)
Start importing Assets/sprites/Bulles/bulle_fonctionnement_cartes.png using Guid(64f7ea2f47f313244a04460821ffcfa3) Importer(815301076,1909f56bfc062723c751e8b465ee728b)  -> (artifact id: 'ba7b4f978403df385085bc93f5c0c268') in 0.019860 seconds 
  Import took 0.023546 seconds .

========================================================================
Received Import Request.
  Time since last request: 0.000202 seconds.
  path: Assets/sprites/Bulles/bulle_deperissement.png
  artifactKey: Guid(f2890a4cda44e6a4abde267b2f507b43) Importer(815301076,1909f56bfc062723c751e8b465ee728b)
Start importing Assets/sprites/Bulles/bulle_deperissement.png using Guid(f2890a4cda44e6a4abde267b2f507b43) Importer(815301076,1909f56bfc062723c751e8b465ee728b)  -> (artifact id: 'c3fec0e82365c0b2e8cf44699014725e') in 0.019012 seconds 
  Import took 0.023717 seconds .

========================================================================
Received Import Request.
  Time since last request: 0.000186 seconds.
  path: Assets/sprites/Bulles/bulle_debut_de_partie.png
  artifactKey: Guid(604bf361db0fffe42834d4741deb0d9e) Importer(815301076,1909f56bfc062723c751e8b465ee728b)
Start importing Assets/sprites/Bulles/bulle_debut_de_partie.png using Guid(604bf361db0fffe42834d4741deb0d9e) Importer(815301076,1909f56bfc062723c751e8b465ee728b)  -> (artifact id: '7d3da15997c57d88f8d4369bf8f8771c') in 0.024836 seconds 
  Import took 0.028404 seconds .

========================================================================
Received Import Request.
  Time since last request: 0.000188 seconds.
  path: Assets/sprites/Bulles/bulle_jauges.png
  artifactKey: Guid(9fdf1988b5b9dd64e87567b2744e89c9) Importer(815301076,1909f56bfc062723c751e8b465ee728b)
Start importing Assets/sprites/Bulles/bulle_jauges.png using Guid(9fdf1988b5b9dd64e87567b2744e89c9) Importer(815301076,1909f56bfc062723c751e8b465ee728b)  -> (artifact id: '260b2b9ff5c38b2f6d5bef70b014b13f') in 0.026445 seconds 
  Import took 0.030758 seconds .

========================================================================
Received Import Request.
  Time since last request: 6.651642 seconds.
  path: Assets/sprites/Bulles/fleche.png
  artifactKey: Guid(8a2a6bb75a2546941887e6ed38a05403) Importer(815301076,1909f56bfc062723c751e8b465ee728b)
Start importing Assets/sprites/Bulles/fleche.png using Guid(8a2a6bb75a2546941887e6ed38a05403) Importer(815301076,1909f56bfc062723c751e8b465ee728b)  -> (artifact id: '3cd3b62fde78f450cf696f0602957349') in 0.022295 seconds 
  Import took 0.026225 seconds .

========================================================================
Received Import Request.
  Time since last request: 30.112562 seconds.
  path: Assets/sprites/pause.png
  artifactKey: Guid(dfaa5df4d0b8b7241a464654f3a68d04) Importer(815301076,1909f56bfc062723c751e8b465ee728b)
Start importing Assets/sprites/pause.png using Guid(dfaa5df4d0b8b7241a464654f3a68d04) Importer(815301076,1909f56bfc062723c751e8b465ee728b)  -> (artifact id: '776ea9343071373a1153959675fa5521') in 0.024376 seconds 
  Import took 0.027805 seconds .

AssetImportWorkerClient::OnTransportError - code=2 error=End of file
